
1월 30, 2022 11:34:06.35 NEW SESSION
1월 30, 2022 11:34:06.35 [13260:11052:0130/113406.357:ERROR:pref_model_associator.cc(120)] Failed to deserialize value of preference 'autofill_profile_validity': Line: 2, column: 1, Unexpected token.
1월 30, 2022 11:34:09.34 [13260:8648:0130/113409.340:ERROR:chrome_browser_main_extra_parts_metrics.cc(227)] START: ReportBluetoothAvailability(). If you don't see the END: message, this is crbug.com/1216328.
1월 30, 2022 11:34:09.34 [13260:8648:0130/113409.340:ERROR:chrome_browser_main_extra_parts_metrics.cc(230)] END: ReportBluetoothAvailability()
1월 30, 2022 11:34:09.34 [13260:8648:0130/113409.340:ERROR:chrome_browser_main_extra_parts_metrics.cc(235)] START: GetDefaultBrowser(). If you don't see the END: message, this is crbug.com/1216328.
1월 30, 2022 11:34:09.35 [13260:8648:0130/113409.342:ERROR:chrome_browser_main_extra_parts_metrics.cc(239)] END: GetDefaultBrowser()
1월 30, 2022 11:34:09.35 [13260:11052:0130/113409.357:ERROR:device_event_log_impl.cc(214)] [11:34:09.357] USB: usb_device_handle_win.cc:1050 Failed to read descriptor from node connection: 시스템에 부착된 장치가 작동하지 않습니다. (0x1F)
1월 30, 2022 13:27:26.69 [13260:8816:0130/132726.692:ERROR:database.cc(1773)] Passwords SQLite error: code 2067 errno 0: UNIQUE constraint failed: logins.origin_url, logins.username_element, logins.username_value, logins.password_element, logins.signon_realm sql: INSERT INTO logins (origin_url, action_url, username_element, username_value, password_element, password_value, submit_element, signon_realm, date_created, blacklisted_by_user, scheme, password_type, times_used, form_data, display_name, icon_url, federation_url, skip_zero_click, generation_upload_status, possible_username_pairs, id, date_last_used, moving_blocked_for, date_password_modified) VALUES (?,?,?,?,?,?,?,?,?,?,?,?,?,?,?,?,?,?,?,?,?,?,?,?)
1월 30, 2022 14:25:04.10 [13260:6020:0130/142504.104:ERROR:database.cc(1773)] Passwords SQLite error: code 2067 errno 0: UNIQUE constraint failed: logins.origin_url, logins.username_element, logins.username_value, logins.password_element, logins.signon_realm sql: INSERT INTO logins (origin_url, action_url, username_element, username_value, password_element, password_value, submit_element, signon_realm, date_created, blacklisted_by_user, scheme, password_type, times_used, form_data, display_name, icon_url, federation_url, skip_zero_click, generation_upload_status, possible_username_pairs, id, date_last_used, moving_blocked_for, date_password_modified) VALUES (?,?,?,?,?,?,?,?,?,?,?,?,?,?,?,?,?,?,?,?,?,?,?,?)
1월 30, 2022 16:10:19.76 [13260:10608:0130/161019.765:ERROR:connection_factory_impl.cc(425)] Failed to connect to MCS endpoint with error -106
1월 30, 2022 16:10:20.27 [13260:10608:0130/161020.277:ERROR:connection_factory_impl.cc(425)] Failed to connect to MCS endpoint with error -106
1월 30, 2022 16:10:40.05 [13260:10608:0130/161040.051:ERROR:connection_factory_impl.cc(425)] Failed to connect to MCS endpoint with error -105
1월 30, 2022 16:10:52.54 [13260:10608:0130/161052.543:ERROR:connection_factory_impl.cc(425)] Failed to connect to MCS endpoint with error -105
1월 30, 2022 16:10:53.34 [13260:11052:0130/161053.346:ERROR:device_event_log_impl.cc(214)] [16:10:53.346] USB: usb_service_win.cc:261 Failed to get device driver name: 요소가 없습니다. (0x490)
1월 30, 2022 16:10:54.57 [13260:10608:0130/161054.573:ERROR:connection_factory_impl.cc(425)] Failed to connect to MCS endpoint with error -106
1월 30, 2022 16:11:10.08 [13260:10608:0130/161110.079:ERROR:connection_factory_impl.cc(425)] Failed to connect to MCS endpoint with error -105
1월 30, 2022 16:11:10.08 [13260:14156:0130/161110.080:ERROR:get_updates_processor.cc(260)] PostClientToServerMessage() failed during GetUpdates with error 2
1월 30, 2022 16:11:10.08 [13260:14156:0130/161110.082:ERROR:get_updates_processor.cc(260)] PostClientToServerMessage() failed during GetUpdates with error 2
1월 31, 2022 23:49:27.57 [13260:10608:0131/234927.573:ERROR:connection_factory_impl.cc(425)] Failed to connect to MCS endpoint with error -105
2월 01, 2022 19:03:05.43 [13260:10608:0201/190305.439:ERROR:connection_factory_impl.cc(425)] Failed to connect to MCS endpoint with error -106
2월 01, 2022 19:03:38.51 [13260:11052:0201/190338.517:ERROR:account_info_fetcher.cc(62)] OnGetTokenFailure: Connection failed (-106).
2월 01, 2022 19:03:48.78 [13260:10608:0201/190348.783:ERROR:connection_factory_impl.cc(425)] Failed to connect to MCS endpoint with error -106
2월 01, 2022 19:03:50.75 [13260:11924:0201/190350.758:ERROR:get_updates_processor.cc(260)] PostClientToServerMessage() failed during GetUpdates with error 2
2월 01, 2022 19:05:13.07 [13260:3724:0201/190513.078:ERROR:gcm_store_impl.cc(652)] LevelDB remove failed: NotFound: 
2월 01, 2022 19:05:13.08 [13260:10608:0201/190513.078:ERROR:mcs_client.cc(526)] GCM Update failed!

2월 21, 2022 09:25:43.02 NEW SESSION
2월 21, 2022 09:25:43.02 [1536:7336:0221/092543.019:ERROR:pref_model_associator.cc(120)] Failed to deserialize value of preference 'autofill_profile_validity': Line: 2, column: 1, Unexpected token.
2월 21, 2022 09:25:46.39 [1536:5856:0221/092546.396:ERROR:chrome_browser_main_extra_parts_metrics.cc(227)] START: ReportBluetoothAvailability(). If you don't see the END: message, this is crbug.com/1216328.
2월 21, 2022 09:25:46.41 [1536:5856:0221/092546.410:ERROR:chrome_browser_main_extra_parts_metrics.cc(230)] END: ReportBluetoothAvailability()
2월 21, 2022 09:25:46.41 [1536:5856:0221/092546.410:ERROR:chrome_browser_main_extra_parts_metrics.cc(235)] START: GetDefaultBrowser(). If you don't see the END: message, this is crbug.com/1216328.
2월 21, 2022 09:25:46.41 [1536:7336:0221/092546.411:ERROR:device_event_log_impl.cc(214)] [09:25:46.411] USB: usb_device_handle_win.cc:1049 Failed to read descriptor from node connection: 시스템에 부착된 장치가 작동하지 않습니다. (0x1F)
2월 21, 2022 09:25:46.41 [1536:5856:0221/092546.412:ERROR:chrome_browser_main_extra_parts_metrics.cc(239)] END: GetDefaultBrowser()
2월 21, 2022 09:31:09.08 [1536:7336:0221/093109.080:ERROR:device_event_log_impl.cc(214)] [09:31:09.078] USB: usb_service_win.cc:260 Failed to get device driver name: 요소가 없습니다. (0x490)
2월 21, 2022 09:32:04.27 [1536:2768:0221/093204.278:ERROR:database.cc(1777)] Passwords SQLite error: code 2067 errno 0: UNIQUE constraint failed: logins.origin_url, logins.username_element, logins.username_value, logins.password_element, logins.signon_realm sql: INSERT INTO logins (origin_url, action_url, username_element, username_value, password_element, password_value, submit_element, signon_realm, date_created, blacklisted_by_user, scheme, password_type, times_used, form_data, display_name, icon_url, federation_url, skip_zero_click, generation_upload_status, possible_username_pairs, id, date_last_used, moving_blocked_for, date_password_modified) VALUES (?,?,?,?,?,?,?,?,?,?,?,?,?,?,?,?,?,?,?,?,?,?,?,?)
2월 21, 2022 11:08:03.28 [1536:7336:0221/110803.281:ERROR:device_event_log_impl.cc(214)] [11:08:03.280] USB: usb_service_win.cc:260 Failed to get device driver name: 요소가 없습니다. (0x490)
2월 21, 2022 11:08:03.28 [1536:7336:0221/110803.285:ERROR:device_event_log_impl.cc(214)] [11:08:03.284] USB: usb_service_win.cc:283 SetupDiEnumDeviceInterfaces: 사용 가능한 데이터가 없습니다. (0x103)
